| Startfile from command line: start.sp


|       ***********************************************************
|       *                    TeraChem v1.9-2022.09-dev            *
|       *  Git Version: 8bb5083b0b021d37cf8bfd841e344644839183a4  *
|       *                   Development Version                   *
|       *           Chemistry at the Speed of Graphics!           *
|       ***********************************************************
|       * This program may only be used in connection with        *
|       * a valid license from PetaChem, LLC. Use of this program *
|       * or results thereof indicates acceptance of all terms    *
|       * and conditions stated in the license and that a valid   *
|       * license agreement between the user and PetaChem, LLC    *
|       * exists. PetaChem, LLC does not warrant the correctness  *
|       * of results or their suitability for any purpose.        *
|       * Please email bugs, suggestions, and comments to         *
|       *                  help@petachem.com                      *
|       *                                                         *
|       ***********************************************************


|       ***********************************************************
|       *  Compiled by toddmtz      Sat Oct 15 21:44:18 PDT 2022  *
|       *  Supported architectures: sm_35 sm_52 sm_61 sm_70 sm_80 *
|       *  Build cuda_11.4.r11.4/compiler.30188945_0              *
|       ***********************************************************


| Job started   Fri May 31 08:37:29 2024
| On exp-3-57 (available memory: 353725 MB)

| ######################################### RUNTIME INFO ##########################################
| terachem  start.sp 

|  NVRM version: NVIDIA UNIX x86_64 Kernel Module  525.85.12  Sat Jan 28 02:10:06 UTC 2023
|  GCC version:  gcc version 8.5.0 20210514 (Red Hat 8.5.0-20) (GCC) 

|  	linux-vdso.so.1 (0x0000155555551000)
|  	/cm/shared/apps/spack/0.17.3/gpu/b/opt/spack/linux-rocky8-cascadelake/intel-19.1.3.304/intel-mkl-2020.4.304-2bp4pd3alklyodpsxfiasxl4brokuldq/mkl/lib/intel64/libmkl_rt.so (0x0000155554bce000)
|  	libcurl.so.4 => /lib64/libcurl.so.4 (0x000015555493f000)
|  	libmpi.so.12 => /cm/shared/apps/spack/0.17.3/gpu/b/opt/spack/linux-rocky8-cascadelake/intel-19.1.3.304/intel-mpi-2019.10.317-uwgziob4ztrqwnkyjauni664gn7pf3ck/compilers_and_libraries_2020.4.317/linux/mpi/intel64/lib/release/libmpi.so.12 (0x0000155553680000)
|  	libdftbplus.so => /home/vbhvsh0/Terachem//TeraChem/lib/libdftbplus.so (0x000015555319a000)
|  	libfsockets.so => /home/vbhvsh0/Terachem//TeraChem/lib/libfsockets.so (0x0000155552f96000)
|  	libxmlf90.so => /home/vbhvsh0/Terachem//TeraChem/lib/libxmlf90.so (0x0000155552d73000)
|  	libthcbox.so.1 => /home/vbhvsh0/Terachem//TeraChem/lib/libthcbox.so.1 (0x0000155551026000)
|  	libOpenMM.so => /home/vbhvsh0/software/openmm/lib/libOpenMM.so (0x0000155550b05000)
|  	libnvToolsExt.so.1 => /home/vbhvsh0/Terachem//TeraChem/lib/libnvToolsExt.so.1 (0x00001555508fb000)
|  	libgpubox.so.1 => /home/vbhvsh0/Terachem//TeraChem/lib/libgpubox.so.1 (0x000015555055a000)
|  	libtensorbox.so.1 => /home/vbhvsh0/Terachem//TeraChem/lib/libtensorbox.so.1 (0x000015555033e000)
|  	libiobox.so.1 => /home/vbhvsh0/Terachem//TeraChem/lib/libiobox.so.1 (0x000015555012e000)
|  	libintbox.so.1 => /home/vbhvsh0/Terachem//TeraChem/lib/libintbox.so.1 (0x000015551451c000)
|  	libsqmbox.so.1 => /home/vbhvsh0/Terachem//TeraChem/lib/libsqmbox.so.1 (0x0000155513e31000)
|  	libgridbox.so.1 => /home/vbhvsh0/Terachem//TeraChem/lib/libgridbox.so.1 (0x00001555138b3000)
|  	libdftbox.so.1 => /home/vbhvsh0/Terachem//TeraChem/lib/libdftbox.so.1 (0x00001555135d1000)
|  	libcibox.so.1 => /home/vbhvsh0/Terachem//TeraChem/lib/libcibox.so.1 (0x0000155512e00000)
|  	libccbox.so.1 => /home/vbhvsh0/Terachem//TeraChem/lib/libccbox.so.1 (0x0000155512835000)
|  	libsimbox.so.1 => /home/vbhvsh0/Terachem//TeraChem/lib/libsimbox.so.1 (0x0000155512619000)
|  	liboptbox.so.1 => /home/vbhvsh0/Terachem//TeraChem/lib/liboptbox.so.1 (0x00001555123e5000)
|  	libprotobuf.so.25 => /home/vbhvsh0/software/protobuf/v3.14.0/lib/libprotobuf.so.25 (0x0000155511f32000)
|  	libcommbox.so.1 => /home/vbhvsh0/Terachem//TeraChem/lib/libcommbox.so.1 (0x0000155511ccd000)
|  	libssl.so.10 => /home/vbhvsh0/software/OpenSSL/ssl-v10/lib/libssl.so.10 (0x0000155511a5b000)
|  	libcrypto.so.10 => /home/vbhvsh0/software/OpenSSL/ssl-v10/lib/libcrypto.so.10 (0x00001555115f8000)
|  	libcuda.so.1 => /cm/local/apps/cuda/libs/current/lib64/libcuda.so.1 (0x000015550f918000)
|  	libcudart.so.11.0 => /home/vbhvsh0/Terachem//TeraChem/lib/libcudart.so.11.0 (0x000015550f676000)
|  	libcublas.so.11 => /home/vbhvsh0/Terachem//TeraChem/lib/libcublas.so.11 (0x000015550673d000)
|  	libcufft.so.10 => /home/vbhvsh0/Terachem//TeraChem/lib/libcufft.so.10 (0x00001554f0abd000)
|  	libcusparse.so.11 => /home/vbhvsh0/Terachem//TeraChem/lib/libcusparse.so.11 (0x00001554e26d2000)
|  	libcusolver.so.11 => /home/vbhvsh0/Terachem//TeraChem/lib/libcusolver.so.11 (0x00001554d5409000)
|  	libstdc++.so.6 => /lib64/libstdc++.so.6 (0x00001554d5074000)
|  	libm.so.6 => /lib64/libm.so.6 (0x00001554d4cf2000)
|  	libcilkrts.so.5 => /home/vbhvsh0/Terachem//TeraChem/lib/libcilkrts.so.5 (0x00001554d4ab7000)
|  	libgcc_s.so.1 => /lib64/libgcc_s.so.1 (0x00001554d489f000)
|  	libpthread.so.0 => /lib64/libpthread.so.0 (0x00001554d467f000)
|  	libc.so.6 => /lib64/libc.so.6 (0x00001554d42ba000)
|  	/lib64/ld-linux-x86-64.so.2 (0x0000155555325000)
|  	libdl.so.2 => /lib64/libdl.so.2 (0x00001554d40b6000)
|  	libnghttp2.so.14 => /lib64/libnghttp2.so.14 (0x00001554d3e8f000)
|  	libidn2.so.0 => /lib64/libidn2.so.0 (0x00001554d3c71000)
|  	libssh.so.4 => /lib64/libssh.so.4 (0x00001554d3a01000)
|  	libpsl.so.5 => /lib64/libpsl.so.5 (0x00001554d37f0000)
|  	libssl.so.1.1 => /lib64/libssl.so.1.1 (0x00001554d355c000)
|  	libcrypto.so.1.1 => /lib64/libcrypto.so.1.1 (0x00001554d3071000)
|  	libgssapi_krb5.so.2 => /lib64/libgssapi_krb5.so.2 (0x00001554d2e1c000)
|  	libkrb5.so.3 => /lib64/libkrb5.so.3 (0x00001554d2b31000)
|  	libk5crypto.so.3 => /lib64/libk5crypto.so.3 (0x00001554d291a000)
|  	libcom_err.so.2 => /lib64/libcom_err.so.2 (0x00001554d2716000)
|  	libldap-2.4.so.2 => /lib64/libldap-2.4.so.2 (0x00001554d24c7000)
|  	liblber-2.4.so.2 => /lib64/liblber-2.4.so.2 (0x00001554d22b7000)
|  	libbrotlidec.so.1 => /lib64/libbrotlidec.so.1 (0x00001554d20aa000)
|  	libz.so.1 => /lib64/libz.so.1 (0x00001554d1e92000)
|  	libfabric.so.1 => /cm/shared/apps/spack/0.17.3/gpu/b/opt/spack/linux-rocky8-cascadelake/intel-19.1.3.304/intel-mpi-2019.10.317-uwgziob4ztrqwnkyjauni664gn7pf3ck/compilers_and_libraries_2020.4.317/linux/mpi/intel64/libfabric/lib/libfabric.so.1 (0x00001554d1c4c000)
|  	librt.so.1 => /lib64/librt.so.1 (0x00001554d1a44000)
|  	libifport.so.5 => /cm/shared/apps/spack/0.17.3/gpu/b/opt/spack/linux-rocky8-skylake_avx512/gcc-8.5.0/intel-19.1.3.304-vecir2bnonslbnjniwcxx6n5vfyeg4yf/compilers_and_libraries_2020.4.304/linux/compiler/lib/intel64_lin/libifport.so.5 (0x00001554d1816000)
|  	libifcoremt.so.5 => /cm/shared/apps/spack/0.17.3/gpu/b/opt/spack/linux-rocky8-skylake_avx512/gcc-8.5.0/intel-19.1.3.304-vecir2bnonslbnjniwcxx6n5vfyeg4yf/compilers_and_libraries_2020.4.304/linux/compiler/lib/intel64_lin/libifcoremt.so.5 (0x0000155555389000)
|  	libimf.so => /cm/shared/apps/spack/0.17.3/gpu/b/opt/spack/linux-rocky8-skylake_avx512/gcc-8.5.0/intel-19.1.3.304-vecir2bnonslbnjniwcxx6n5vfyeg4yf/compilers_and_libraries_2020.4.304/linux/compiler/lib/intel64_lin/libimf.so (0x00001554d1193000)
|  	libsvml.so => /cm/shared/apps/spack/0.17.3/gpu/b/opt/spack/linux-rocky8-skylake_avx512/gcc-8.5.0/intel-19.1.3.304-vecir2bnonslbnjniwcxx6n5vfyeg4yf/compilers_and_libraries_2020.4.304/linux/compiler/lib/intel64_lin/libsvml.so (0x00001554cf649000)
|  	libiomp5.so => /cm/shared/apps/spack/0.17.3/gpu/b/opt/spack/linux-rocky8-cascadelake/intel-19.1.3.304/intel-mkl-2020.4.304-2bp4pd3alklyodpsxfiasxl4brokuldq/compilers_and_libraries_2020.4.304/linux/compiler/lib/intel64_lin/libiomp5.so (0x00001554cf243000)
|  	libintlc.so.5 => /cm/shared/apps/spack/0.17.3/gpu/b/opt/spack/linux-rocky8-skylake_avx512/gcc-8.5.0/intel-19.1.3.304-vecir2bnonslbnjniwcxx6n5vfyeg4yf/compilers_and_libraries_2020.4.304/linux/compiler/lib/intel64_lin/libintlc.so.5 (0x00001554cefcb000)
|  	libcublasLt.so.11 => /home/vbhvsh0/Terachem//TeraChem/lib/libcublasLt.so.11 (0x00001554bcebc000)
|  	libunistring.so.2 => /lib64/libunistring.so.2 (0x00001554bcb3b000)
|  	libkrb5support.so.0 => /lib64/libkrb5support.so.0 (0x00001554bc92a000)
|  	libkeyutils.so.1 => /lib64/libkeyutils.so.1 (0x00001554bc726000)
|  	libresolv.so.2 => /lib64/libresolv.so.2 (0x00001554bc50e000)
|  	libsasl2.so.3 => /lib64/libsasl2.so.3 (0x00001554bc2f0000)
|  	libbrotlicommon.so.1 => /lib64/libbrotlicommon.so.1 (0x00001554bc0cf000)
|  	libselinux.so.1 => /lib64/libselinux.so.1 (0x00001554bbea4000)
|  	libcrypt.so.1 => /lib64/libcrypt.so.1 (0x00001554bbc7b000)
|  	libpcre2-8.so.0 => /lib64/libpcre2-8.so.0 (0x00001554bb9f7000)
| #################################################################################################

| Cannot find license.dat file in the TeraChem installation directory /home/vbhvsh0/Terachem//TeraChem


| TRYING THE NETWORK LICENSE...
| Cannot find license.key file in the TeraChem installation directory /home/vbhvsh0/Terachem//TeraChem


| *************************** WARNING **************************
| *                 Running in Demo mode.                      *
| **************************************************************

-----------------------------------
Processed Input file:
                     gpus 1
                  timings yes
                precision double
                  threall 1.0e-20
                   thregr 1.0e-20
                 convthre 1.0e-6
                    basis cc-pvdz
              coordinates geom.xyz
                   method hf
                    maxit 500
                      scf diis
                      run gradient
                   charge 0
                 spinmult 1
                      fon yes
                    casci yes
               fon_method gaussian
          fon_temperature 0.20
                 directci yes
                 cphfiter 80
               dcimaxiter 300
             dciprintinfo yes
        dcipreconditioner orbenergy
                   closed 26
                   active 6
              cassinglets 3
              castriplets 0
              casquintets 0
                castarget 2
            castargetmult 1
               cascharges yes
                 cas_ntos yes
-----------------------------------
Jobname: geom
Scratch directory: ./scr.geom
Scratch data will be generated
| Random number seed: 656398903

XYZ coordinates geom.xyz
Molden File Output: ./scr.geom/geom.molden
Using basis set: cc-pvdz
dmrgstart not found
Spin multiplicity: 1
DIIS will use up to 10 vectors.
Condition number limit for the DIIS overlap matrix is            0
WF convergence threshold: 1.00e-06
Using DIIS algorithm to converge WF
Maximum number of SCF iterations: 500
Incremental fock with rebuild every 8 iterations
Will switch to conventional Fock if diffuse functions are detected
X-matrix tolerance: 1.00e-04
PRECISION: DOUBLE
TeraChem will select linear algebra engine
Using fractional orbital occupations
Fractional occupations determined by gaussian broadening
26 occupied orbitals will have integer occupation
6 occupied orbitals will have fractional occupation
kT is set to  0.200 a.u.
DFT Functional requested: hf
Method: Hartree-Fock 
Wavefunction: RESTRICTED
Initial guess generated by maximum overlap

********************************************
**** SINGLE POINT GRADIENT CALCULATIONS ****
********************************************
SCF:   Initial guess is taken from previous step
*************WARNING***************
Unrecognized or unnecessary keywords:
These are being ignored.
   directci yes
***********************************
Starting TensorBox...
| TeraChem will select linear algebra engine
| Using cuSolver for matrix diagonalization

| using 1 out of 1 CUDA devices
|   Device 0: Tesla V100-SXM2-32GB, 32500MB, CC 7.0 -- CPU THREAD 0
| -------------------------------------------------------------------
| CPU Memory Available: 48194.00 MegaWords 
| GPU Memory Available: 3806.61 MegaWords 
| Maximum recommended basis set size: 23500 basis functions
|  (limited by GPU memory)
| -------------------------------------------------------------------
| Initialize GPUBox with 128 MW of memory


Basis set:       cc-pvdz
Total atoms:     12
Total charge:    0
Total electrons: 58 (29-alpha, 29-beta)
Number electrons modeled by ECPs: 0
Total orbitals:  140
Total AO shells: 60 (32 S-shells; 20 P-shells; 8 D-shells; 0 F-shells; 0 G-shells)
Spin multiplicity: 1
Nuclear repulsion energy (QM atoms): 354.080135911174 a.u.


                      *** Start SCF Iterations ***

 Iter     DIIS Error       Energy change    J    K   LA  DFT          Energy        Time(s)
---------------------------------------------------------------------------------------------
Initial temperature is 0.200000
| Purifying guess...Density matrix is not well-conditioned, rescale and purify
| Purification run on CPU (double precision)  using TC2 purification.
| Density matrix purification finished after a total of 17 matrix multiplies
|    1     0.3551164347    -409.9483956028  0.02 0.08 0.01 0.00    -409.9483956028     0.10  
|    2     0.1483342218      -1.6685376918  0.02 0.06 0.01 0.00    -411.6169332946     0.08  
|    3     0.1092625263      -0.4017168001  0.02 0.06 0.01 0.00    -412.0186500947     0.08  
|    4     0.0162007090      -0.1015314596  0.01 0.05 0.01 0.00    -412.1201815543     0.07  
|    5     0.0066280863      -0.0217753418  0.01 0.05 0.01 0.00    -412.1419568961     0.07  
|    6     0.0031799452      +0.0037350904  0.01 0.05 0.01 0.00    -412.1382218056     0.07  
|    7     0.0006757837      -0.0021393694  0.01 0.05 0.01 0.00    -412.1403611750     0.07  
|    8     0.0003396996      -0.0001950274  0.01 0.05 0.01 0.00    -412.1405562025     0.07  
|    9     0.0002295109      -0.0001400286  0.01 0.05 0.01 0.00    -412.1406962310     0.08  
|   10     0.0001293800      +0.0000683665  0.01 0.05 0.01 0.00    -412.1406278645     0.07  
|   11     0.0000444732      -0.0000409388  0.01 0.05 0.01 0.00    -412.1406688033     0.07  
|   12     0.0000136650      +0.0000104505  0.01 0.05 0.01 0.00    -412.1406583528     0.07  
|   13     0.0000075321      -0.0000007277  0.01 0.05 0.01 0.00    -412.1406590805     0.07  
|   14     0.0000023232      +0.0000009137  0.01 0.05 0.01 0.00    -412.1406581668     0.07  
|   15     0.0000013632      -0.0000010545  0.01 0.05 0.01 0.00    -412.1406592213     0.06  
|   16     0.0000006536      -0.0000000734  0.01 0.05 0.01 0.00    -412.1406592947     0.06  
---------------------------------------------------------------------------------------------
FINAL ENERGY: -412.1406592947 a.u.
| WARNING: Final energy is higher than the lowest energy by    0.0012976.
Fractional Occupation Entropy: 2.1087552300
Mermin Free Energy:            -412.5624103407
HOMO-LUMO GAP: 10.439 eV
CENTER OF MASS: {-0.026446, 0.004694, -0.001671} ANGS
DIPOLE MOMENT: {2.446471, -0.100183, 0.435864} (|D| = 2.487013) DEBYE

Running Mulliken population analysis...


  Active Space Parameters
--------------------------------------------
Number of closed orbitals:              26
Number of active orbitals:               6
Number of virtual orbitals:            108
Number of molecular orbitals:          140
Number of basis functions:             140
Number of active electrons:              6
Number of alpha electrons:               3
Number of beta electrons:                3

  Orbital      Energy        Occupation
-----------------------------------------
     25       -0.497247        1.000000
     26       -0.483647        1.000000
     27       -0.441468        0.937871
     28       -0.429817        0.930415
     29       -0.315244        0.817539
     30        0.068384        0.155741
     31        0.136862        0.087788
     32        0.160161        0.070646
     33        0.182896        0.000000
     34        0.213241        0.000000

  CAS Parameters
--------------------------------------------
Number of determinants:                400
Number of singlet CSFs:                175
Number of doublet CSFs:                  0
Number of triplet CSFs:                189
Number of quartet CSFs:                  0
Number of quintet CSFs:                 35
Number of sextet CSFs:                   0
Number of septet CSFs:                   1
Number of singlet states:                3
Number of doublet states:                0
Number of triplet states:                0
Number of quartet states:                0
Number of quintet states:                0
Number of sextet states:                 0
Number of septet states:                 0
Using the hard-coded solver


OEI transform elapsed time = 0.06850 s
TEI transform elapsed time = 0.29211 s

Singlet state  1 energy:       -412.46456700202231

        0.98932153582238  X27 X28 X29
       -0.11280205580834  X27 X28 X30
        0.04057818550404  X27 X28 A29 B30
        0.04057818550404  X27 X28 B29 A30
       -0.02349035773922  X27 X28 X32
       -0.02216454992693  X27 X29 X32

Singlet state  2 energy:       -412.18928331796758

       -0.42903096596662  X27 A28 X29 B30
       -0.42903096596662  X27 B28 X29 A30
       -0.36514683646569  X27 X28 A29 B30
       -0.36514683646569  X27 X28 B29 A30
       -0.34803442808903  B27 X28 X29 A30
       -0.34803442808903  A27 X28 X29 B30
        0.16964427716990  X27 A28 X29 B32
        0.16964427716990  X27 B28 X29 A32
        0.08088560782847  X27 A28 B29 X30
        0.08088560782847  X27 B28 A29 X30
        0.07873947173635  B27 X28 X29 A32
        0.07873947173635  A27 X28 X29 B32
        0.07252938723216  A27 X28 B29 X30
        0.07252938723216  B27 X28 A29 X30
       -0.05396517965007  X27 B28 A29 A30 B32
       -0.05396517965007  X27 A28 B29 B30 A32
       -0.03812271978207  X27 X28 A29 B31
       -0.03812271978207  X27 X28 B29 A31
        0.03503977917711  X27 X28 B30 A32
        0.03503977917711  X27 X28 A30 B32
        0.03452659204324  B27 X28 B29 A30 A32
        0.03452659204324  A27 X28 A29 B30 B32
       -0.03302420289949  X27 X28 B29 A32
       -0.03302420289949  X27 X28 A29 B32
        0.03160400119052  X27 B28 B29 A30 A32
        0.03160400119052  X27 A28 A29 B30 B32
       -0.02913471508086  A27 X28 B29 B30 A32
       -0.02913471508086  B27 X28 A29 A30 B32
        0.02697015395206  X28 X29 X30
        0.02403160722446  X27 X28 X29
       -0.02333087850512  X27 X28 X30
       -0.02236117845955  X27 A28 B29 A30 B32
       -0.02236117845955  X27 B28 A29 B30 A32

Singlet state  3 energy:       -412.18479922207121

       -0.57876882368323  X27 X28 A29 B30
       -0.57876882368323  X27 X28 B29 A30
        0.27093778862656  X27 A28 X29 B30
        0.27093778862656  X27 B28 X29 A30
        0.24287799819609  B27 X28 X29 A30
        0.24287799819609  A27 X28 X29 B30
       -0.10010079973973  A27 X28 X29 B32
       -0.10010079973973  B27 X28 X29 A32
       -0.06241899207053  X27 B28 A29 X30
       -0.06241899207053  X27 A28 B29 X30
        0.05462678518665  X27 X28 A30 B32
        0.05462678518665  X27 X28 B30 A32
        0.04461825428873  A27 X28 B29 B30 A32
        0.04461825428873  B27 X28 A29 A30 B32
        0.04298777530401  X27 X28 X29
       -0.04160249927759  A27 X28 X29 B31
       -0.04160249927759  B27 X28 X29 A31
       -0.04053912932112  B27 X28 A29 X30
       -0.04053912932112  A27 X28 B29 X30
       -0.03246568887566  X27 A28 A29 B30 B32
       -0.03246568887566  X27 B28 B29 A30 A32
       -0.03224034618422  X27 X28 X30
        0.02947022595664  X27 A28 X29 B32
        0.02947022595664  X27 B28 X29 A32
       -0.02763155223331  B27 X28 B29 A30 A32
       -0.02763155223331  A27 X28 A29 B30 B32
       -0.02634444924058  X27 X29 B30 A32
       -0.02634444924058  X27 X29 A30 B32
        0.02450035941153  X27 X29 X30
       -0.02274473687359  X27 B28 X29 A31
       -0.02274473687359  X27 A28 X29 B31
       -0.02240281581637  X27 X28 B29 A32
       -0.02240281581637  X27 X28 A29 B32
        0.02238825236239  X27 A28 X30 B32
        0.02238825236239  X27 B28 X30 A32
        0.02149240938555  X27 A28 B29 X32
        0.02149240938555  X27 B28 A29 X32

  Root   Mult.   Total Energy (a.u.)   Ex. Energy (a.u.)     Ex. Energy (eV)     Ex. Energy (nm)
-------------------------------------------------------------------------------------------------
     1  singlet       -412.46456700
     2  singlet       -412.18928332          0.27528368          7.49084893        165.51424516
     3  singlet       -412.18479922          0.27976778          7.61286737        162.86139590

Singlet state dipole moments:

  Root       Dx         Dy         Dz         |D|  (Debye)
------------------------------------------------------------
     1     3.7028     0.9004     0.5542     3.8508
     2     0.8343     0.5595     0.4032     1.0825
     3     2.3819     1.7284     0.2562     2.9541

Singlet state electronic transitions:

 Transition      Tx        Ty        Tz       |T|    Osc. (a.u.) 
-----------------------------------------------------------------
   1 ->  2     0.3828    0.6384   -0.0842    0.7491    0.1030
   1 ->  3     0.4837    1.2262    0.1081    1.3226    0.3263
   2 ->  3     0.7324    0.5666    0.0467    0.9272    0.0026

Singlet state Mulliken charges:

  Atom   Root  1     Root  2     Root  3  
------------------------------------
 N     -0.4403     -0.3822     -0.4138
 N     -0.4492     -0.3755     -0.2691
 C      0.5368      0.5217      0.5233
 C      0.2487      0.0244      0.0175
 C     -0.1794     -0.1584     -0.1129
 C      0.4270      0.2256      0.2764
 O     -0.2812     -0.0688     -0.1883
 O     -0.3533     -0.2836     -0.3048
 H      0.1971      0.2024      0.1831
 H      0.2129      0.2118      0.2093
 H      0.0527      0.0514      0.0486
 H      0.0282      0.0313      0.0307
Singlet state velocity transition dipole moments:

 Transition      Px        Py        Pz       |P|    Osc. (a.u.) 
-----------------------------------------------------------------
   1 ->  2    -0.0900   -0.1509    0.0174    0.1766    0.0755
   1 ->  3    -0.1001   -0.3039   -0.0264    0.3211    0.2456
   2 ->  3    -0.0049   -0.0045    0.0002    0.0067    0.0066

Singlet state magnetic transition dipole moments and rotational strengths:

 Transition      Lx        Ly        Lz        |L|    R(vel) (a.u.)
--------------------------------------------------------------------
   1 ->  2    -0.3936   -0.3325   -1.0001    1.1250    0.2478
   1 ->  3     0.2308    0.2190   -1.4073    1.4428   -0.1877
   2 ->  3     0.0465   -0.0149   -0.1542    0.1617   -0.0428

Singlet state electric quadrupole moments (Cartesian):
Operator origin (a.u.):    -0.049976,     0.008871,    -0.003157 

 Root     Qxy        Qxz        Qyz        Qxx        Qyy        Qzz       R^2
--------------------------------------------------------------------------------------------
    1     2.8299    -0.9790    -0.7484   -27.1570   -41.3806   -34.2874   -102.8250
    2     3.4608    -0.9348    -0.4576   -28.6084   -37.4332   -35.7478   -101.7893
    3     2.8052    -1.1147    -0.5638   -29.2014   -39.2225   -35.1895   -103.6134

Singlet state electric transition quadrupole moments (Cartesian):

 Transition     Qxy        Qxz        Qyz        Qxx        Qyy        Qzz       norm (a.u.)
--------------------------------------------------------------------------------------------
   1 ->  2     1.1814    -0.1015     0.4011     1.4150    -0.9769    -0.1364     2.1312
   1 ->  3     1.5522     0.2365    -0.2975     1.8957    -2.4835    -0.1000     3.5107
   2 ->  3    -1.3705     0.0387    -0.0625    -0.1341    -2.1646     0.6748     2.6538

Building Xtilde...

| Active Fock Matrix
|----------------------------
| K Time:           0.05 sec
| Total Time:       0.05 sec
|----------------------------

| Active TPDM
|----------------------------
| Total Time:       0.00 sec
|----------------------------

Building Z-vector RHS...

Solving CPSCF equations
Using DIIS solver

 Iter         Residual          Time (s)  
------  --------------------  ------------
    1      0.314513898392         0.07
    2      0.315086001575         0.07
    3      0.088645370503         0.07
    4      0.096183348487         0.07
    5      0.060595583762         0.07
    6      0.017465465888         0.07
    7      0.015294497193         0.06
    8      0.006364701577         0.06
    9      0.003383604915         0.06
   10      0.001316575955         0.06
   11      0.000578925032         0.06
   12      0.000263485870         0.06
   13      0.000077948723         0.06

CPSCF converged

|       Total CPSCF Time
|----------------------------
| J Time:           0.18 sec
| K Time:           0.65 sec
| Total Time:       0.84 sec
|----------------------------

Building X...

| |----------------------------
| J Time:           0.01 sec
| K Time:           0.05 sec
| Total Time:       0.07 sec
|----------------------------

 Gradient: 1E  elapsed time: 0.01 sec
 Gradient: CL  elapsed time: 0.64 sec
 Gradient: K   elapsed time: 3.73 sec
 Gradient: NUC elapsed time: 0.00 sec
 Gradient: S elapsed time: 0.00 sec
| 
Total CASCI Time
|----------------------------
| Total Time:       5.82 sec
|----------------------------


Gradient units are Hartree/Bohr
---------------------------------------------------
        dE/dX            dE/dY            dE/dZ
    0.1170587615    -0.0015779422    -0.0368537525
   -0.0621698173     0.0212128335     0.0158180240
   -0.0890782760     0.0465554222     0.0033001731
    0.0387792704    -0.1062694634     0.0098114888
    0.1019421841    -0.0256040267    -0.0128291796
   -0.1674105951    -0.2107605481    -0.0150447661
    0.1206311941     0.1889051437     0.0157317703
    0.0511471007    -0.0484607856    -0.0044363900
   -0.0939818266     0.0188330891     0.0321409366
    0.0516085957     0.0604497060    -0.0060962918
   -0.0395601348     0.0053565712    -0.0085246929
   -0.0289664568     0.0513600002     0.0069826802
---------------------------------------------------
Net gradient: -1.531518e-13 -2.941625e-12  1.631915e-13
Net torque:    1.965183e-06 -3.466534e-06 -1.886818e-07

Writing out molden info
| Total processing time: 7.24 sec 

| Job finished: Fri May 31 08:37:39 2024

